# JRE version: Java(TM) SE Runtime Environment (8.0_151-b12) (build 1.8.0_151-b12)
# Java VM: Java HotSpot(TM) 64-Bit Server VM (25.151-b12 mixed mode windows-amd64 compressed oops)
Heap:
 PSYoungGen      total 1376768K, used 28405K [0x000000076b300000, 0x00000007bff00000, 0x00000007c0000000)
  eden space 1366016K, 1% used [0x000000076b300000,0x000000076ccfd6d8,0x00000007be900000)
  from space 10752K, 16% used [0x00000007be900000,0x00000007beac0000,0x00000007bf380000)
  to   space 9728K, 0% used [0x00000007bf580000,0x00000007bf580000,0x00000007bff00000)
 ParOldGen       total 1044992K, used 439730K [0x00000006c1800000, 0x0000000701480000, 0x000000076b300000)
  object space 1044992K, 42% used [0x00000006c1800000,0x00000006dc56c820,0x0000000701480000)
 Metaspace       used 51632K, capacity 52874K, committed 53248K, reserved 1095680K
  class space    used 6561K, capacity 6870K, committed 6912K, reserved 1048576K
GC Heap History (10 events):
Event: 5768.177 GC heap before
{Heap before GC invocations=5572 (full 13):
 PSYoungGen      total 1369600K, used 1359752K [0x000000076b300000, 0x00000007bfc00000, 0x00000007c0000000)
  eden space 1357824K, 100% used [0x000000076b300000,0x00000007be100000,0x00000007be100000)
  from space 11776K, 16% used [0x00000007bf080000,0x00000007bf2623b8,0x00000007bfc00000)
  to   space 13824K, 0% used [0x00000007be100000,0x00000007be100000,0x00000007bee80000)
 ParOldGen       total 1044992K, used 439618K [0x00000006c1800000, 0x0000000701480000, 0x000000076b300000)
  object space 1044992K, 42% used [0x00000006c1800000,0x00000006dc550820,0x0000000701480000)
 Metaspace       used 51632K, capacity 52874K, committed 53248K, reserved 1095680K
  class space    used 6561K, capacity 6870K, committed 6912K, reserved 1048576K
Event: 5768.180 GC heap after
Heap after GC invocations=5572 (full 13):
 PSYoungGen      total 1371648K, used 2208K [0x000000076b300000, 0x00000007c0000000, 0x00000007c0000000)
  eden space 1357824K, 0% used [0x000000076b300000,0x000000076b300000,0x00000007be100000)
  from space 13824K, 15% used [0x00000007be100000,0x00000007be328000,0x00000007bee80000)
  to   space 12800K, 0% used [0x00000007bf380000,0x00000007bf380000,0x00000007c0000000)
 ParOldGen       total 1044992K, used 439634K [0x00000006c1800000, 0x0000000701480000, 0x000000076b300000)
  object space 1044992K, 42% used [0x00000006c1800000,0x00000006dc554820,0x0000000701480000)
 Metaspace       used 51632K, capacity 52874K, committed 53248K, reserved 1095680K
  class space    used 6561K, capacity 6870K, committed 6912K, reserved 1048576K
}
Event: 5768.895 GC heap before
{Heap before GC invocations=5573 (full 13):
 PSYoungGen      total 1371648K, used 1360032K [0x000000076b300000, 0x00000007c0000000, 0x00000007c0000000)
  eden space 1357824K, 100% used [0x000000076b300000,0x00000007be100000,0x00000007be100000)
  from space 13824K, 15% used [0x00000007be100000,0x00000007be328000,0x00000007bee80000)
  to   space 12800K, 0% used [0x00000007bf380000,0x00000007bf380000,0x00000007c0000000)
 ParOldGen       total 1044992K, used 439634K [0x00000006c1800000, 0x0000000701480000, 0x000000076b300000)
  object space 1044992K, 42% used [0x00000006c1800000,0x00000006dc554820,0x0000000701480000)
 Metaspace       used 51632K, capacity 52874K, committed 53248K, reserved 1095680K
  class space    used 6561K, capacity 6870K, committed 6912K, reserved 1048576K
Event: 5768.898 GC heap after
Heap after GC invocations=5573 (full 13):
 PSYoungGen      total 1373696K, used 1120K [0x000000076b300000, 0x00000007bfe00000, 0x00000007c0000000)
  eden space 1362944K, 0% used [0x000000076b300000,0x000000076b300000,0x00000007be600000)
  from space 10752K, 10% used [0x00000007bf380000,0x00000007bf498000,0x00000007bfe00000)
  to   space 12288K, 0% used [0x00000007be600000,0x00000007be600000,0x00000007bf200000)
 ParOldGen       total 1044992K, used 439650K [0x00000006c1800000, 0x0000000701480000, 0x000000076b300000)
  object space 1044992K, 42% used [0x00000006c1800000,0x00000006dc558820,0x0000000701480000)
 Metaspace       used 51632K, capacity 52874K, committed 53248K, reserved 1095680K
  class space    used 6561K, capacity 6870K, committed 6912K, reserved 1048576K
}
Event: 5775.575 GC heap before
{Heap before GC invocations=5574 (full 13):
 PSYoungGen      total 1373696K, used 1364064K [0x000000076b300000, 0x00000007bfe00000, 0x00000007c0000000)
  eden space 1362944K, 100% used [0x000000076b300000,0x00000007be600000,0x00000007be600000)
  from space 10752K, 10% used [0x00000007bf380000,0x00000007bf498000,0x00000007bfe00000)
  to   space 12288K, 0% used [0x00000007be600000,0x00000007be600000,0x00000007bf200000)
 ParOldGen       total 1044992K, used 439650K [0x00000006c1800000, 0x0000000701480000, 0x000000076b300000)
  object space 1044992K, 42% used [0x00000006c1800000,0x00000006dc558820,0x0000000701480000)
 Metaspace       used 51632K, capacity 52874K, committed 53248K, reserved 1095680K
  class space    used 6561K, capacity 6870K, committed 6912K, reserved 1048576K
Event: 5775.581 GC heap after
Heap after GC invocations=5574 (full 13):
 PSYoungGen      total 1375232K, used 3342K [0x000000076b300000, 0x00000007bff80000, 0x00000007c0000000)
  eden space 1362944K, 0% used [0x000000076b300000,0x000000076b300000,0x00000007be600000)
  from space 12288K, 27% used [0x00000007be600000,0x00000007be943a88,0x00000007bf200000)
  to   space 11264K, 0% used [0x00000007bf480000,0x00000007bf480000,0x00000007bff80000)
 ParOldGen       total 1044992K, used 439666K [0x00000006c1800000, 0x0000000701480000, 0x000000076b300000)
  object space 1044992K, 42% used [0x00000006c1800000,0x00000006dc55c820,0x0000000701480000)
 Metaspace       used 51632K, capacity 52874K, committed 53248K, reserved 1095680K
  class space    used 6561K, capacity 6870K, committed 6912K, reserved 1048576K
}
Event: 5776.751 GC heap before
{Heap before GC invocations=5575 (full 13):
 PSYoungGen      total 1375232K, used 1366286K [0x000000076b300000, 0x00000007bff80000, 0x00000007c0000000)
  eden space 1362944K, 100% used [0x000000076b300000,0x00000007be600000,0x00000007be600000)
  from space 12288K, 27% used [0x00000007be600000,0x00000007be943a88,0x00000007bf200000)
  to   space 11264K, 0% used [0x00000007bf480000,0x00000007bf480000,0x00000007bff80000)
 ParOldGen       total 1044992K, used 439666K [0x00000006c1800000, 0x0000000701480000, 0x000000076b300000)
  object space 1044992K, 42% used [0x00000006c1800000,0x00000006dc55c820,0x0000000701480000)
 Metaspace       used 51632K, capacity 52874K, committed 53248K, reserved 1095680K
  class space    used 6561K, capacity 6870K, committed 6912K, reserved 1048576K
Event: 5776.754 GC heap after
Heap after GC invocations=5575 (full 13):
 PSYoungGen      total 1375744K, used 1828K [0x000000076b300000, 0x00000007bfe00000, 0x00000007c0000000)
  eden space 1366016K, 0% used [0x000000076b300000,0x000000076b300000,0x00000007be900000)
  from space 9728K, 18% used [0x00000007bf480000,0x00000007bf649010,0x00000007bfe00000)
  to   space 10752K, 0% used [0x00000007be900000,0x00000007be900000,0x00000007bf380000)
 ParOldGen       total 1044992K, used 439706K [0x00000006c1800000, 0x0000000701480000, 0x000000076b300000)
  object space 1044992K, 42% used [0x00000006c1800000,0x00000006dc566820,0x0000000701480000)
 Metaspace       used 51632K, capacity 52874K, committed 53248K, reserved 1095680K
  class space    used 6561K, capacity 6870K, committed 6912K, reserved 1048576K
}
Event: 5777.457 GC heap before
{Heap before GC invocations=5576 (full 13):
 PSYoungGen      total 1375744K, used 1367844K [0x000000076b300000, 0x00000007bfe00000, 0x00000007c0000000)
  eden space 1366016K, 100% used [0x000000076b300000,0x00000007be900000,0x00000007be900000)
  from space 9728K, 18% used [0x00000007bf480000,0x00000007bf649010,0x00000007bfe00000)
  to   space 10752K, 0% used [0x00000007be900000,0x00000007be900000,0x00000007bf380000)
 ParOldGen       total 1044992K, used 439706K [0x00000006c1800000, 0x0000000701480000, 0x000000076b300000)
  object space 1044992K, 42% used [0x00000006c1800000,0x00000006dc566820,0x0000000701480000)
 Metaspace       used 51632K, capacity 52874K, committed 53248K, reserved 1095680K
  class space    used 6561K, capacity 6870K, committed 6912K, reserved 1048576K
Event: 5777.460 GC heap after
Heap after GC invocations=5576 (full 13):
 PSYoungGen      total 1376768K, used 1792K [0x000000076b300000, 0x00000007bff00000, 0x00000007c0000000)
  eden space 1366016K, 0% used [0x000000076b300000,0x000000076b300000,0x00000007be900000)
  from space 10752K, 16% used [0x00000007be900000,0x00000007beac0000,0x00000007bf380000)
  to   space 9728K, 0% used [0x00000007bf580000,0x00000007bf580000,0x00000007bff00000)
 ParOldGen       total 1044992K, used 439730K [0x00000006c1800000, 0x0000000701480000, 0x000000076b300000)
  object space 1044992K, 42% used [0x00000006c1800000,0x00000006dc56c820,0x0000000701480000)
 Metaspace       used 51632K, capacity 52874K, committed 53248K, reserved 1095680K
  class space    used 6561K, capacity 6870K, committed 6912K, reserved 1048576K
}

